
FILE [DEBUG] 2022-02-03 10:54:21,950 main com.spartaglobal.sortmanager.SortFactoryMain - The unsolved array: [0, 0, 0, 0, 0, 0, 0, 0, 0, 0, 0, 0, 0, 0, 0, 0, 0, 0, 0, 0, 0, 0, 0, 0, 0, 0, 0, 0, 0, 0, 0, 0, 0, 0, 0, 0, 0, 0]
FILE [DEBUG] 2022-02-03 10:54:21,953 main com.spartaglobal.sortmanager.SortFactoryMain - The solved array: [17, 32, 36, 65, 68, 68, 81, 129, 131, 178, 397, 404, 412, 445, 509, 552, 567, 596, 620, 623, 679, 692, 693, 698, 699, 747, 776, 778, 803, 805, 855, 868, 871, 886, 935, 938, 954, 981]
FILE [DEBUG] 2022-02-03 10:54:21,955 main com.spartaglobal.sortmanager.SortFactoryMain - The sort took 839100 total nanoseconds
FILE [DEBUG] 2022-02-03 10:54:51,943 main com.spartaglobal.sortmanager.SortFactoryMain - The unsolved array: [0, 0, 0, 0, 0, 0, 0, 0, 0, 0]
FILE [DEBUG] 2022-02-03 10:54:51,947 main com.spartaglobal.sortmanager.SortFactoryMain - The solved array: [281, 338, 360, 372, 376, 541, 578, 648, 708, 729]
FILE [DEBUG] 2022-02-03 10:54:51,949 main com.spartaglobal.sortmanager.SortFactoryMain - The sort took 2283300 total nanoseconds
FILE [DEBUG] 2022-02-03 10:56:35,229 main com.spartaglobal.sortmanager.SortFactoryMain - The unsolved array: [848, 532, 949, 600, 786, 373, 167, 936, 994, 43]
FILE [DEBUG] 2022-02-03 10:56:35,231 main com.spartaglobal.sortmanager.SortFactoryMain - The solved array: [43, 167, 373, 532, 600, 786, 848, 936, 949, 994]
FILE [DEBUG] 2022-02-03 10:56:35,232 main com.spartaglobal.sortmanager.SortFactoryMain - The sort took 5301000 total nanoseconds
FILE [DEBUG] 2022-02-03 13:41:54,995 main com.spartaglobal.sortmanager.SortFactoryMain - The unsolved array: [949, 267, 783, 313, 12, 595, 439, 919, 47, 652, 800, 953, 746, 597, 964, 890, 777, 587, 301, 931, 377, 284, 715, 551, 406, 819, 558, 496, 639, 973, 275, 43, 990, 503, 292, 693, 851, 706, 648, 169, 688, 220, 962, 191, 367, 468, 492, 386, 840, 162, 252, 70, 927, 657, 343, 619, 162, 329, 786, 739, 792, 749, 648, 676, 964, 318, 742, 299, 665, 882, 954, 70, 536, 941, 897, 851, 420, 386, 391, 2, 135, 294, 650, 915, 181, 737, 591, 358, 902, 737, 206, 758, 801, 533, 282, 64, 68, 548, 376, 150]
FILE [DEBUG] 2022-02-03 13:41:54,998 main com.spartaglobal.sortmanager.SortFactoryMain - The solved array: [2, 12, 43, 47, 64, 68, 70, 70, 135, 150, 162, 162, 169, 181, 191, 206, 220, 252, 267, 275, 282, 284, 292, 294, 299, 301, 313, 318, 329, 343, 358, 367, 376, 377, 386, 386, 391, 406, 420, 439, 468, 492, 496, 503, 533, 536, 548, 551, 558, 587, 591, 595, 597, 619, 639, 648, 648, 650, 652, 657, 665, 676, 688, 693, 706, 715, 737, 737, 739, 742, 746, 749, 758, 777, 783, 786, 792, 800, 801, 819, 840, 851, 851, 882, 890, 897, 902, 915, 919, 927, 931, 941, 949, 953, 954, 962, 964, 964, 973, 990]
FILE [DEBUG] 2022-02-03 13:41:55,000 main com.spartaglobal.sortmanager.SortFactoryMain - The sort took 45286501 total nanoseconds
FILE [DEBUG] 2022-02-03 15:36:27,014 main com.spartaglobal.sortmanager.SortFactoryMain - The unsolved array: [955, 983, 783, 438, 481, 15, 437, 90, 401, 339, 439, 293, 101, 917, 276, 159, 128, 878, 574, 851, 748, 18, 925, 771, 318, 351, 807, 825, 535, 931, 388, 20, 542, 866, 733, 955, 393, 761, 92, 513, 707, 130, 639, 597, 871, 588, 550, 980, 994, 606, 132, 982, 583, 247, 363, 618]
FILE [DEBUG] 2022-02-03 15:36:27,017 main com.spartaglobal.sortmanager.SortFactoryMain - The solved array: [955, 983, 783, 438, 481, 15, 437, 90, 401, 339, 439, 293, 101, 917, 276, 159, 128, 878, 574, 851, 748, 18, 925, 771, 318, 351, 807, 825, 535, 931, 388, 20, 542, 866, 733, 955, 393, 761, 92, 513, 707, 130, 639, 597, 871, 588, 550, 980, 994, 606, 132, 982, 583, 247, 363, 618]
FILE [DEBUG] 2022-02-03 15:36:27,019 main com.spartaglobal.sortmanager.SortFactoryMain - The sort took 6717800 total nanoseconds
FILE [DEBUG] 2022-02-03 16:27:10,405 main com.spartaglobal.sortmanager.SortFactoryMain - The unsolved array: [597, 405, 960, 450, 257, 906, 669, 402, 416, 54, 581, 329, 828, 92, 66, 283, 793, 957, 965, 872, 845, 257, 678, 676, 684, 771, 159, 545, 355, 319, 42, 282, 518, 874, 611, 174, 614, 446, 473, 743, 210, 97, 126, 359, 822, 961, 141, 103, 705, 230, 427, 459, 560, 411, 390, 724]
FILE [DEBUG] 2022-02-03 16:27:10,408 main com.spartaglobal.sortmanager.SortFactoryMain - The solved array: []
FILE [DEBUG] 2022-02-03 16:27:10,410 main com.spartaglobal.sortmanager.SortFactoryMain - The sort took 45097300 total nanoseconds
FILE [DEBUG] 2022-02-03 16:32:32,799 main com.spartaglobal.sortmanager.SortFactoryMain - The unsolved array: [870, 910, 642, 77, 43, 73, 909, 856, 961, 44]
FILE [DEBUG] 2022-02-03 16:32:32,802 main com.spartaglobal.sortmanager.SortFactoryMain - The solved array: []
FILE [DEBUG] 2022-02-03 16:32:32,803 main com.spartaglobal.sortmanager.SortFactoryMain - The sort took 6369000 total nanoseconds
FILE [DEBUG] 2022-02-03 16:33:12,321 main com.spartaglobal.sortmanager.SortFactoryMain - The unsolved array: [482, 502, 533, 344, 465, 403, 302, 545, 292, 321, 916, 846, 974, 566, 140, 445, 775]
FILE [DEBUG] 2022-02-03 16:34:25,550 main com.spartaglobal.sortmanager.SortFactoryMain - The solved array: []
FILE [DEBUG] 2022-02-03 16:34:25,553 main com.spartaglobal.sortmanager.SortFactoryMain - The sort took 73256017500 total nanoseconds
FILE [DEBUG] 2022-02-03 16:34:35,043 main com.spartaglobal.sortmanager.SortFactoryMain - The unsolved array: [361, 559, 668]
FILE [DEBUG] 2022-02-03 16:35:25,733 main com.spartaglobal.sortmanager.SortFactoryMain - The solved array: []
FILE [DEBUG] 2022-02-03 16:35:25,735 main com.spartaglobal.sortmanager.SortFactoryMain - The sort took 50695138900 total nanoseconds
FILE [DEBUG] 2022-02-03 16:36:42,016 main com.spartaglobal.sortmanager.SortFactoryMain - The unsolved array: [9, 672, 982, 530]
FILE [DEBUG] 2022-02-03 16:36:42,018 main com.spartaglobal.sortmanager.SortFactoryMain - The solved array: []
FILE [DEBUG] 2022-02-03 16:36:42,020 main com.spartaglobal.sortmanager.SortFactoryMain - The sort took 6163600 total nanoseconds
FILE [DEBUG] 2022-02-03 17:24:50,890 main com.spartaglobal.sortmanager.SortFactoryMain - The unsolved array: [773, 172, 501, 585, 217]
FILE [DEBUG] 2022-02-03 17:33:16,957 main com.spartaglobal.sortmanager.SortFactoryMain - The unsolved array: [705, 737, 321, 182, 354]
FILE [DEBUG] 2022-02-03 17:33:16,960 main com.spartaglobal.sortmanager.SortFactoryMain - The solved array: [705, 737, 321, 182, 354]
FILE [DEBUG] 2022-02-03 17:33:16,961 main com.spartaglobal.sortmanager.SortFactoryMain - The sort took 6154800 total nanoseconds
FILE [DEBUG] 2022-02-03 17:33:57,586 main com.spartaglobal.sortmanager.SortFactoryMain - The unsolved array: [705, 474, 586, 263, 546, 851, 318]
FILE [DEBUG] 2022-02-03 17:33:57,588 main com.spartaglobal.sortmanager.SortFactoryMain - The solved array: [705, 474, 586, 263, 546, 851, 318]
FILE [DEBUG] 2022-02-03 17:33:57,590 main com.spartaglobal.sortmanager.SortFactoryMain - The sort took 5909800 total nanoseconds
FILE [DEBUG] 2022-02-03 17:35:06,541 main com.spartaglobal.sortmanager.SortFactoryMain - The unsolved array: [288, 677, 1, 275]
FILE [DEBUG] 2022-02-03 17:35:06,544 main com.spartaglobal.sortmanager.SortFactoryMain - The solved array: [288, 677, 1, 275]
FILE [DEBUG] 2022-02-03 17:35:06,545 main com.spartaglobal.sortmanager.SortFactoryMain - The sort took 6313000 total nanoseconds
FILE [DEBUG] 2022-02-03 17:36:08,208 main com.spartaglobal.sortmanager.SortFactoryMain - The unsolved array: [964, 227, 805, 636, 676]
FILE [DEBUG] 2022-02-03 18:33:26,403 main com.spartaglobal.sortmanager.SortFactoryMain - The unsolved array: [136, 41, 826, 850, 811]
FILE [DEBUG] 2022-02-03 18:33:26,406 main com.spartaglobal.sortmanager.SortFactoryMain - The solved array: [41, 136, 811, 826, 850]
FILE [DEBUG] 2022-02-03 18:33:26,408 main com.spartaglobal.sortmanager.SortFactoryMain - The sort took 6309600 total nanoseconds
FILE [DEBUG] 2022-02-03 18:35:40,022 main com.spartaglobal.sortmanager.SortFactoryMain - The unsolved array: [982, 760, 517, 659, 148]
FILE [DEBUG] 2022-02-03 18:35:40,024 main com.spartaglobal.sortmanager.SortFactoryMain - The solved array: [148, 517, 659, 760, 982]
FILE [DEBUG] 2022-02-03 18:35:40,026 main com.spartaglobal.sortmanager.SortFactoryMain - The sort took 5362200 total nanoseconds
